<?xml version="1.0" encoding="UTF-8"?>
<testsuite xmlns:xsi="http://www.w3.org/2001/XMLSchema-instance" xsi:noNamespaceSchemaLocation="https://maven.apache.org/surefire/maven-surefire-plugin/xsd/surefire-test-report.xsd" name="com.iescomercio.ed.gitactions.LibroTest" time="0.002" tests="7" errors="0" skipped="0" failures="0">
  <properties>
[...]
</properties>
  <testcase name="testLibro" classname="com.iescomercio.ed.gitactions.LibroTest" time="0"/>
  <testcase name="testIsAventuras" classname="com.iescomercio.ed.gitactions.LibroTest" time="0"/>
  <testcase name="testGetIsbn" classname="com.iescomercio.ed.gitactions.LibroTest" time="0.001"/>
  <testcase name="testSetTitulo" classname="com.iescomercio.ed.gitactions.LibroTest" time="0"/>
  <testcase name="testGetTitulo" classname="com.iescomercio.ed.gitactions.LibroTest" time="0"/>
  <testcase name="testSetIsbn" classname="com.iescomercio.ed.gitactions.LibroTest" time="0"/>
  <testcase name="testSetIsbn2" classname="com.iescomercio.ed.gitactions.LibroTest" time="0"/>
</testsuite>